<?xml version="1.0" encoding="UTF-8"?>
<testng-results ignored="0" total="1" passed="1" failed="0" skipped="0">
  <reporter-output>
  </reporter-output>
  <suite started-at="2020-05-26T15:03:06 IST" name="Default suite" finished-at="2020-05-26T15:03:16 IST" duration-ms="9755">
    <groups>
    </groups>
    <test started-at="2020-05-26T15:03:06 IST" name="Default test" finished-at="2020-05-26T15:03:16 IST" duration-ms="9755">
      <class name="jenkins_practice.jenkins_practice.login">
        <test-method signature="log()[pri:0, instance:jenkins_practice.jenkins_practice.login@2898ac89]" started-at="2020-05-26T15:03:06 IST" name="log" finished-at="2020-05-26T15:03:16 IST" duration-ms="9700" status="PASS">
          <reporter-output>
          </reporter-output>
        </test-method> <!-- log -->
      </class> <!-- jenkins_practice.jenkins_practice.login -->
    </test> <!-- Default test -->
  </suite> <!-- Default suite -->
</testng-results>
